<?xml version="1.0" encoding="UTF-8"?>
<testng-results ignored="0" total="1" passed="1" failed="0" skipped="0">
  <reporter-output>
  </reporter-output>
  <suite started-at="2024-01-29T13:58:32 IST" name="Default suite" finished-at="2024-01-29T13:58:41 IST" duration-ms="9165">
    <groups>
    </groups>
    <test started-at="2024-01-29T13:58:32 IST" name="Default test" finished-at="2024-01-29T13:58:41 IST" duration-ms="9165">
      <class name="sheet.Paper">
        <test-method signature="ab(java.lang.String,[Ljava.lang.CharSequence;)[pri:0, instance:sheet.Paper@397fbdb]" started-at="2024-01-29T13:58:32 IST" name="ab" data-provider="datas" finished-at="2024-01-29T13:58:41 IST" duration-ms="8586" status="PASS">
          <params>
            <param index="0">
              <value>
                <![CDATA[sureshbabuemp@gmail.com]]>
              </value>
            </param>
            <param index="1">
              <value>
                <![CDATA[[Ljava.lang.CharSequence;@74ecacc3]]>
              </value>
            </param>
          </params>
          <reporter-output>
          </reporter-output>
        </test-method> <!-- ab -->
      </class> <!-- sheet.Paper -->
    </test> <!-- Default test -->
  </suite> <!-- Default suite -->
</testng-results>
